[22-May-2008 11:50:56] PHP Fatal error: Uncaught exception 'Exception' with message 'Query error: No database selected (SELECT id FROM tl_page WHERE type='root' AND (dns='dummyshop' OR dns='www.dummyshop') AND language='de' AND (start='' OR start<1211449856) AND (stop='' OR stop>1211449856) AND published=1 LIMIT 0,1)' thrown in /Users/jonasschnelli1/Sites/dummyshop/system/libraries/Database.php on line 502
[22-May-2008 13:19:23] PHP Fatal error: Uncaught exception 'Exception' with message 'Could not find template file "s"' thrown in /Users/jonasschnelli1/Sites/dummyshop/system/libraries/Controller.php on line 84
[22-May-2008 13:26:27] PHP Fatal error:  Call to undefined method ShopArticle::getImage() in /Users/jonasschnelli1/Sites/dummyshop/system/modules/i7Shop/ShopArticle.php on line 141
[22-May-2008 13:26:33] PHP Fatal error:  Call to undefined method ShopArticle::getImage() in /Users/jonasschnelli1/Sites/dummyshop/system/modules/i7Shop/ShopArticle.php on line 141
[22-May-2008 13:28:21] PHP Fatal error:  Call to undefined method ShopArticle::getImage() in /Users/jonasschnelli1/Sites/dummyshop/system/modules/i7Shop/ShopArticle.php on line 141
[22-May-2008 13:28:24] PHP Fatal error:  Call to undefined method ShopArticle::getImage() in /Users/jonasschnelli1/Sites/dummyshop/system/modules/i7Shop/ShopArticle.php on line 141
[22-May-2008 13:29:28] PHP Fatal error:  Call to undefined method ShopArticle::getImage() in /Users/jonasschnelli1/Sites/dummyshop/system/modules/i7Shop/ShopArticle.php on line 141
[22-May-2008 13:38:07] PHP Warning: Cannot modify header information - headers already sent by (output started at /Users/jonasschnelli1/Sites/dummyshop/system/modules/i7Shop/ShopArticle.php:141) in /Users/jonasschnelli1/Sites/dummyshop/system/libraries/Template.php on line 152
[22-May-2008 13:38:45] PHP Warning: Cannot modify header information - headers already sent by (output started at /Users/jonasschnelli1/Sites/dummyshop/system/modules/i7Shop/ShopArticle.php:141) in /Users/jonasschnelli1/Sites/dummyshop/system/libraries/Template.php on line 152
[22-May-2008 13:39:51] PHP Warning: Cannot modify header information - headers already sent by (output started at /Users/jonasschnelli1/Sites/dummyshop/system/modules/i7Shop/ShopArticle.php:90) in /Users/jonasschnelli1/Sites/dummyshop/system/libraries/Template.php on line 152
[22-May-2008 13:40:35] PHP Warning: Cannot modify header information - headers already sent by (output started at /Users/jonasschnelli1/Sites/dummyshop/system/modules/i7Shop/ShopArticle.php:90) in /Users/jonasschnelli1/Sites/dummyshop/system/libraries/Template.php on line 152
[22-May-2008 13:40:49] PHP Warning: Cannot modify header information - headers already sent by (output started at /Users/jonasschnelli1/Sites/dummyshop/system/modules/i7Shop/ShopArticle.php:90) in /Users/jonasschnelli1/Sites/dummyshop/system/libraries/Template.php on line 152
[22-May-2008 13:46:26] PHP Warning: Cannot modify header information - headers already sent by (output started at /Users/jonasschnelli1/Sites/dummyshop/system/modules/i7Shop/ShopArticle.php:151) in /Users/jonasschnelli1/Sites/dummyshop/system/libraries/Template.php on line 152
[22-May-2008 13:46:34] PHP Warning: Cannot modify header information - headers already sent by (output started at /Users/jonasschnelli1/Sites/dummyshop/system/modules/i7Shop/ShopArticle.php:151) in /Users/jonasschnelli1/Sites/dummyshop/system/libraries/Template.php on line 152
[22-May-2008 13:46:42] PHP Warning: Cannot modify header information - headers already sent by (output started at /Users/jonasschnelli1/Sites/dummyshop/system/modules/i7Shop/ShopArticle.php:151) in /Users/jonasschnelli1/Sites/dummyshop/system/libraries/Template.php on line 152
[22-May-2008 13:47:54] PHP Warning: sprintf() [<a href='function.sprintf'>function.sprintf</a>]: Too few arguments in /Users/jonasschnelli1/Sites/dummyshop/system/modules/i7Shop/ShopHelpers.php on line 52
[22-May-2008 13:47:54] PHP Warning: Cannot modify header information - headers already sent by (output started at /Users/jonasschnelli1/Sites/dummyshop/system/functions.php:119) in /Users/jonasschnelli1/Sites/dummyshop/system/libraries/Template.php on line 152
[22-May-2008 13:47:55] PHP Warning: sprintf() [<a href='function.sprintf'>function.sprintf</a>]: Too few arguments in /Users/jonasschnelli1/Sites/dummyshop/system/modules/i7Shop/ShopHelpers.php on line 52
[22-May-2008 13:47:55] PHP Warning: Cannot modify header information - headers already sent by (output started at /Users/jonasschnelli1/Sites/dummyshop/system/functions.php:119) in /Users/jonasschnelli1/Sites/dummyshop/system/libraries/Template.php on line 152
[22-May-2008 13:48:22] PHP Warning: Cannot modify header information - headers already sent by (output started at /Users/jonasschnelli1/Sites/dummyshop/system/modules/i7Shop/BaseShop.php:221) in /Users/jonasschnelli1/Sites/dummyshop/system/libraries/Template.php on line 152
[22-May-2008 13:48:55] PHP Warning: array_merge() [<a href='function.array-merge'>function.array-merge</a>]: Argument #1 is not an array in /Users/jonasschnelli1/Sites/dummyshop/system/modules/i7Shop/BaseShop.php on line 135
[22-May-2008 13:48:55] PHP Warning: Cannot modify header information - headers already sent by (output started at /Users/jonasschnelli1/Sites/dummyshop/system/functions.php:119) in /Users/jonasschnelli1/Sites/dummyshop/system/libraries/Template.php on line 152
